  [4;36;1mSQL (13.8ms)[0m   [0;1mSET NAMES 'utf8'[0m
  [4;35;1mSQL (0.4ms)[0m   [0mSET SQL_AUTO_IS_NULL=0[0m
  [4;36;1mSQL (64.7ms)[0m   [0;1mSHOW TABLES[0m
  [4;35;1mSQL (287.6ms)[0m   [0mCREATE TABLE `schema_migrations` (`version` varchar(255) NOT NULL) ENGINE=InnoDB[0m
  [4;36;1mSQL (169.2ms)[0m   [0;1mCREATE UNIQUE INDEX `unique_schema_migrations` ON `schema_migrations` (`version`)[0m
  [4;35;1mSQL (27.6ms)[0m   [0mSHOW TABLES[0m
  [4;36;1mSQL (0.2ms)[0m   [0;1mSELECT version FROM schema_migrations[0m
Migrating to CreateUsers (20100225002031)
  [4;35;1mSQL (0.2ms)[0m   [0mSHOW TABLES[0m
  [4;36;1mSQL (188.0ms)[0m   [0;1mCREATE TABLE `users` (`id` int(11) DEFAULT NULL auto_increment PRIMARY KEY, `login` varchar(40), `name` varchar(100) DEFAULT '', `email` varchar(100), `crypted_password` varchar(40), `salt` varchar(40), `created_at` datetime, `updated_at` datetime, `remember_token` varchar(40), `remember_token_expires_at` datetime) ENGINE=InnoDB[0m
  [4;35;1mSQL (123.8ms)[0m   [0mCREATE UNIQUE INDEX `index_users_on_login` ON `users` (`login`)[0m
  [4;36;1mSQL (14.3ms)[0m   [0;1mINSERT INTO schema_migrations (version) VALUES ('20100225002031')[0m
  [4;35;1mSQL (20.4ms)[0m   [0mSHOW TABLES[0m
  [4;36;1mSQL (0.1ms)[0m   [0;1mSELECT version FROM schema_migrations[0m
  [4;35;1mSQL (0.2ms)[0m   [0mSHOW TABLES[0m
  [4;36;1mSQL (17.1ms)[0m   [0;1mSHOW FIELDS FROM `users`[0m
  [4;35;1mSQL (1.1ms)[0m   [0mdescribe `users`[0m
  [4;36;1mSQL (21.7ms)[0m   [0;1mSHOW KEYS FROM `users`[0m
  [4;36;1mSQL (0.1ms)[0m   [0;1mSET NAMES 'utf8'[0m
  [4;35;1mSQL (0.1ms)[0m   [0mSET SQL_AUTO_IS_NULL=0[0m


Processing HomeController#index (for 127.0.0.1 at 2010-02-24 16:34:34) [GET]
Rendering template within layouts/application
Rendering home/index
  [4;36;1mUser Columns (74.6ms)[0m   [0;1mSHOW FIELDS FROM `users`[0m
  [4;35;1mUser Load (34.0ms)[0m   [0mSELECT * FROM `users` WHERE (`users`.`remember_token` = '9a5a8c76d14421ea88f1af913ffe45b15543fd7b') LIMIT 1[0m
Rendered users/_user_bar (291.9ms)
Completed in 359ms (View: 249, DB: 109) | 200 OK [http://localhost/]
  [4;36;1mSQL (0.1ms)[0m   [0;1mSET NAMES 'utf8'[0m
  [4;35;1mSQL (0.1ms)[0m   [0mSET SQL_AUTO_IS_NULL=0[0m


Processing HomeController#index (for 127.0.0.1 at 2010-02-24 16:36:59) [GET]
Rendering template within layouts/application
Rendering home/index
  [4;36;1mUser Columns (39.1ms)[0m   [0;1mSHOW FIELDS FROM `users`[0m
  [4;35;1mUser Load (0.2ms)[0m   [0mSELECT * FROM `users` WHERE (`users`.`remember_token` = '9a5a8c76d14421ea88f1af913ffe45b15543fd7b') LIMIT 1[0m
Rendered users/_user_bar (50.0ms)
Completed in 59ms (View: 19, DB: 40) | 200 OK [http://localhost/]
  [4;36;1mSQL (0.1ms)[0m   [0;1mSET NAMES 'utf8'[0m
  [4;35;1mSQL (0.1ms)[0m   [0mSET SQL_AUTO_IS_NULL=0[0m


Processing HomeController#index (for 127.0.0.1 at 2010-02-24 16:42:04) [GET]
Rendering template within layouts/application
Rendering home/index
  [4;36;1mUser Columns (30.9ms)[0m   [0;1mSHOW FIELDS FROM `users`[0m
  [4;35;1mUser Load (0.4ms)[0m   [0mSELECT * FROM `users` WHERE (`users`.`remember_token` = '9a5a8c76d14421ea88f1af913ffe45b15543fd7b') LIMIT 1[0m
Rendered users/_user_bar (61.1ms)
Completed in 125ms (View: 92, DB: 32) | 200 OK [http://localhost/]
  [4;36;1mSQL (0.1ms)[0m   [0;1mSET NAMES 'utf8'[0m
  [4;35;1mSQL (0.1ms)[0m   [0mSET SQL_AUTO_IS_NULL=0[0m


Processing HomeController#index (for 127.0.0.1 at 2010-02-24 16:45:21) [GET]
Rendering template within layouts/application
Rendering home/index
  [4;36;1mUser Columns (1.1ms)[0m   [0;1mSHOW FIELDS FROM `users`[0m
  [4;35;1mUser Load (1.9ms)[0m   [0mSELECT * FROM `users` WHERE (`users`.`remember_token` = '9a5a8c76d14421ea88f1af913ffe45b15543fd7b') LIMIT 1[0m
Rendered users/_user_bar (9.0ms)
Completed in 18ms (View: 13, DB: 3) | 200 OK [http://localhost/]
  [4;36;1mSQL (0.1ms)[0m   [0;1mSET NAMES 'utf8'[0m
  [4;35;1mSQL (0.1ms)[0m   [0mSET SQL_AUTO_IS_NULL=0[0m


Processing HomeController#index (for 127.0.0.1 at 2010-02-24 16:45:31) [GET]
Rendering template within layouts/application
Rendering home/index
  [4;36;1mUser Columns (36.4ms)[0m   [0;1mSHOW FIELDS FROM `users`[0m
  [4;35;1mUser Load (0.5ms)[0m   [0mSELECT * FROM `users` WHERE (`users`.`remember_token` = '9a5a8c76d14421ea88f1af913ffe45b15543fd7b') LIMIT 1[0m
Rendered users/_user_bar (44.3ms)
Completed in 47ms (View: 9, DB: 37) | 200 OK [http://localhost/]
  [4;36;1mSQL (0.1ms)[0m   [0;1mSET NAMES 'utf8'[0m
  [4;35;1mSQL (0.1ms)[0m   [0mSET SQL_AUTO_IS_NULL=0[0m


Processing HomeController#index (for 127.0.0.1 at 2010-02-24 16:45:32) [GET]
Rendering template within layouts/application
Rendering home/index
  [4;36;1mUser Columns (21.7ms)[0m   [0;1mSHOW FIELDS FROM `users`[0m
  [4;35;1mUser Load (0.2ms)[0m   [0mSELECT * FROM `users` WHERE (`users`.`remember_token` = '9a5a8c76d14421ea88f1af913ffe45b15543fd7b') LIMIT 1[0m
Rendered users/_user_bar (28.1ms)
Completed in 31ms (View: 8, DB: 22) | 200 OK [http://localhost/]
  [4;36;1mSQL (0.1ms)[0m   [0;1mSET NAMES 'utf8'[0m
  [4;35;1mSQL (0.1ms)[0m   [0mSET SQL_AUTO_IS_NULL=0[0m


Processing HomeController#index (for 127.0.0.1 at 2010-02-24 16:45:59) [GET]
Rendering template within layouts/application
Rendering home/index
  [4;36;1mUser Columns (1.1ms)[0m   [0;1mSHOW FIELDS FROM `users`[0m
  [4;35;1mUser Load (0.2ms)[0m   [0mSELECT * FROM `users` WHERE (`users`.`remember_token` = '9a5a8c76d14421ea88f1af913ffe45b15543fd7b') LIMIT 1[0m
Rendered users/_user_bar (7.0ms)
Completed in 10ms (View: 8, DB: 1) | 200 OK [http://localhost/]
  [4;36;1mSQL (0.1ms)[0m   [0;1mSET NAMES 'utf8'[0m
  [4;35;1mSQL (0.1ms)[0m   [0mSET SQL_AUTO_IS_NULL=0[0m


Processing HomeController#index (for 127.0.0.1 at 2010-02-24 16:46:35) [GET]
Rendering template within layouts/application
Rendering home/index
  [4;36;1mUser Columns (1.1ms)[0m   [0;1mSHOW FIELDS FROM `users`[0m
  [4;35;1mUser Load (3.2ms)[0m   [0mSELECT * FROM `users` WHERE (`users`.`remember_token` = '9a5a8c76d14421ea88f1af913ffe45b15543fd7b') LIMIT 1[0m
Rendered users/_user_bar (47.2ms)
Completed in 76ms (View: 71, DB: 4) | 200 OK [http://localhost/]
  [4;36;1mSQL (0.1ms)[0m   [0;1mSET NAMES 'utf8'[0m
  [4;35;1mSQL (0.1ms)[0m   [0mSET SQL_AUTO_IS_NULL=0[0m


Processing HomeController#index (for 127.0.0.1 at 2010-02-24 16:47:24) [GET]
Rendering template within layouts/application
Rendering home/index
  [4;36;1mUser Columns (1.1ms)[0m   [0;1mSHOW FIELDS FROM `users`[0m
  [4;35;1mUser Load (0.2ms)[0m   [0mSELECT * FROM `users` WHERE (`users`.`remember_token` = '9a5a8c76d14421ea88f1af913ffe45b15543fd7b') LIMIT 1[0m
Rendered users/_user_bar (7.3ms)
Completed in 16ms (View: 14, DB: 1) | 200 OK [http://localhost/]
  [4;36;1mSQL (0.1ms)[0m   [0;1mSET NAMES 'utf8'[0m
  [4;35;1mSQL (0.1ms)[0m   [0mSET SQL_AUTO_IS_NULL=0[0m


Processing HomeController#index (for 127.0.0.1 at 2010-02-24 16:47:52) [GET]
Rendering template within layouts/application
Rendering home/index
  [4;36;1mUser Columns (1.2ms)[0m   [0;1mSHOW FIELDS FROM `users`[0m
  [4;35;1mUser Load (0.3ms)[0m   [0mSELECT * FROM `users` WHERE (`users`.`remember_token` = '9a5a8c76d14421ea88f1af913ffe45b15543fd7b') LIMIT 1[0m
Rendered users/_user_bar (7.4ms)
Completed in 17ms (View: 15, DB: 2) | 200 OK [http://localhost/]
  [4;36;1mSQL (0.1ms)[0m   [0;1mSET NAMES 'utf8'[0m
  [4;35;1mSQL (0.1ms)[0m   [0mSET SQL_AUTO_IS_NULL=0[0m


Processing SessionsController#new (for 127.0.0.1 at 2010-02-24 16:48:04) [GET]
Rendering template within layouts/application
Rendering sessions/new
  [4;36;1mUser Columns (1.2ms)[0m   [0;1mSHOW FIELDS FROM `users`[0m
  [4;35;1mUser Load (0.9ms)[0m   [0mSELECT * FROM `users` WHERE (`users`.`remember_token` = '9a5a8c76d14421ea88f1af913ffe45b15543fd7b') LIMIT 1[0m
Rendered users/_user_bar (8.1ms)
Completed in 123ms (View: 120, DB: 2) | 200 OK [http://localhost/login]
  [4;36;1mSQL (0.1ms)[0m   [0;1mSET NAMES 'utf8'[0m
  [4;35;1mSQL (0.1ms)[0m   [0mSET SQL_AUTO_IS_NULL=0[0m


Processing SessionsController#create (for 127.0.0.1 at 2010-02-24 16:48:06) [POST]
  Parameters: {"authenticity_token"=>"m4AiunChtFZmrs1XAngda6lkXdmVirbW7AkMI9ALMFY=", "login"=>"textual", "password"=>"g0nightlife", "commit"=>"Log in"}
  [4;36;1mUser Columns (1.2ms)[0m   [0;1mSHOW FIELDS FROM `users`[0m
  [4;35;1mUser Load (18.8ms)[0m   [0mSELECT * FROM `users` WHERE (`users`.`login` = 'textual') LIMIT 1[0m
Failed login for 'textual' from 127.0.0.1 at 2010-02-25 00:48:06 UTC
Rendering template within layouts/application
Rendering sessions/new
Rendered users/_user_bar (0.3ms)
Completed in 30ms (View: 3, DB: 20) | 200 OK [http://localhost/session]
  [4;36;1mSQL (0.1ms)[0m   [0;1mSET NAMES 'utf8'[0m
  [4;35;1mSQL (0.1ms)[0m   [0mSET SQL_AUTO_IS_NULL=0[0m


Processing UsersController#new (for 127.0.0.1 at 2010-02-24 16:48:11) [GET]
  [4;36;1mUser Columns (1.2ms)[0m   [0;1mSHOW FIELDS FROM `users`[0m
Rendering template within layouts/application
Rendering users/new
Rendered users/_user_bar (0.3ms)
Completed in 112ms (View: 67, DB: 1) | 200 OK [http://localhost/signup]
  [4;35;1mSQL (0.1ms)[0m   [0mSET NAMES 'utf8'[0m
  [4;36;1mSQL (0.1ms)[0m   [0;1mSET SQL_AUTO_IS_NULL=0[0m


Processing UsersController#new (for 127.0.0.1 at 2010-02-24 16:48:14) [GET]
  [4;35;1mUser Columns (1.1ms)[0m   [0mSHOW FIELDS FROM `users`[0m
Rendering template within layouts/application
Rendering users/new
Rendered users/_user_bar (0.3ms)
Completed in 11ms (View: 5, DB: 1) | 200 OK [http://localhost/signup]
  [4;36;1mSQL (0.1ms)[0m   [0;1mSET NAMES 'utf8'[0m
  [4;35;1mSQL (0.1ms)[0m   [0mSET SQL_AUTO_IS_NULL=0[0m


Processing UsersController#new (for 127.0.0.1 at 2010-02-24 16:49:12) [GET]
  [4;36;1mUser Columns (1.1ms)[0m   [0;1mSHOW FIELDS FROM `users`[0m
Rendering template within layouts/application
Rendering users/new
Rendered users/_user_bar (0.4ms)
Completed in 19ms (View: 12, DB: 1) | 200 OK [http://localhost/signup]
  [4;35;1mSQL (0.1ms)[0m   [0mSET NAMES 'utf8'[0m
  [4;36;1mSQL (0.1ms)[0m   [0;1mSET SQL_AUTO_IS_NULL=0[0m


Processing UsersController#new (for 127.0.0.1 at 2010-02-24 16:49:25) [GET]
  [4;35;1mUser Columns (1.2ms)[0m   [0mSHOW FIELDS FROM `users`[0m
Rendering template within layouts/application
Rendering users/new
Rendered users/_user_bar (0.3ms)
Completed in 52ms (View: 43, DB: 1) | 200 OK [http://localhost/signup]
  [4;36;1mSQL (0.1ms)[0m   [0;1mSET NAMES 'utf8'[0m
  [4;35;1mSQL (0.1ms)[0m   [0mSET SQL_AUTO_IS_NULL=0[0m


Processing UsersController#new (for 127.0.0.1 at 2010-02-24 16:49:38) [GET]
  [4;36;1mUser Columns (1.2ms)[0m   [0;1mSHOW FIELDS FROM `users`[0m
Rendering template within layouts/application
Rendering users/new
Rendered users/_user_bar (0.3ms)
Completed in 20ms (View: 11, DB: 1) | 200 OK [http://localhost/signup]
  [4;35;1mSQL (0.1ms)[0m   [0mSET NAMES 'utf8'[0m
  [4;36;1mSQL (0.1ms)[0m   [0;1mSET SQL_AUTO_IS_NULL=0[0m


Processing UsersController#new (for 127.0.0.1 at 2010-02-24 16:49:52) [GET]
  [4;35;1mUser Columns (1.2ms)[0m   [0mSHOW FIELDS FROM `users`[0m
Rendering template within layouts/application
Rendering users/new
Rendered users/_user_bar (0.3ms)
Completed in 18ms (View: 11, DB: 1) | 200 OK [http://localhost/signup]
  [4;36;1mSQL (0.1ms)[0m   [0;1mSET NAMES 'utf8'[0m
  [4;35;1mSQL (0.1ms)[0m   [0mSET SQL_AUTO_IS_NULL=0[0m


Processing SessionsController#new (for 127.0.0.1 at 2010-02-24 16:49:56) [GET]
Rendering template within layouts/application
Rendering sessions/new
Rendered users/_user_bar (0.3ms)
Completed in 4ms (View: 2, DB: 0) | 200 OK [http://localhost/login]
  [4;36;1mSQL (0.1ms)[0m   [0;1mSET NAMES 'utf8'[0m
  [4;35;1mSQL (0.1ms)[0m   [0mSET SQL_AUTO_IS_NULL=0[0m


Processing SessionsController#new (for 127.0.0.1 at 2010-02-24 16:49:58) [GET]
Rendering template within layouts/application
Rendering sessions/new
Rendered users/_user_bar (0.4ms)
Completed in 4ms (View: 3, DB: 0) | 200 OK [http://localhost/login]
  [4;36;1mSQL (0.1ms)[0m   [0;1mSET NAMES 'utf8'[0m
  [4;35;1mSQL (0.1ms)[0m   [0mSET SQL_AUTO_IS_NULL=0[0m


Processing SessionsController#new (for 127.0.0.1 at 2010-02-24 16:49:59) [GET]
Rendering template within layouts/application
Rendering sessions/new
Rendered users/_user_bar (0.3ms)
Completed in 4ms (View: 3, DB: 0) | 200 OK [http://localhost/login]
  [4;36;1mSQL (0.1ms)[0m   [0;1mSET NAMES 'utf8'[0m
  [4;35;1mSQL (0.1ms)[0m   [0mSET SQL_AUTO_IS_NULL=0[0m


Processing SessionsController#new (for 127.0.0.1 at 2010-02-24 16:50:00) [GET]
Rendering template within layouts/application
Rendering sessions/new
Rendered users/_user_bar (0.3ms)
Completed in 4ms (View: 2, DB: 0) | 200 OK [http://localhost/login]
  [4;36;1mSQL (0.1ms)[0m   [0;1mSET NAMES 'utf8'[0m
  [4;35;1mSQL (0.1ms)[0m   [0mSET SQL_AUTO_IS_NULL=0[0m


Processing UsersController#new (for 127.0.0.1 at 2010-02-24 16:50:00) [GET]
  [4;36;1mUser Columns (1.1ms)[0m   [0;1mSHOW FIELDS FROM `users`[0m
Rendering template within layouts/application
Rendering users/new
Rendered users/_user_bar (0.3ms)
Completed in 11ms (View: 5, DB: 1) | 200 OK [http://localhost/signup]
  [4;35;1mSQL (0.1ms)[0m   [0mSET NAMES 'utf8'[0m
  [4;36;1mSQL (0.1ms)[0m   [0;1mSET SQL_AUTO_IS_NULL=0[0m


Processing SessionsController#new (for 127.0.0.1 at 2010-02-24 16:50:03) [GET]
Rendering template within layouts/application
Rendering sessions/new
Rendered users/_user_bar (0.3ms)
Completed in 3ms (View: 2, DB: 0) | 200 OK [http://localhost/login]
  [4;35;1mSQL (0.1ms)[0m   [0mSET NAMES 'utf8'[0m
  [4;36;1mSQL (0.1ms)[0m   [0;1mSET SQL_AUTO_IS_NULL=0[0m


Processing SessionsController#create (for 127.0.0.1 at 2010-02-24 17:02:54) [POST]
  Parameters: {"authenticity_token"=>"m4AiunChtFZmrs1XAngda6lkXdmVirbW7AkMI9ALMFY=", "login"=>"", "password"=>"", "commit"=>"Log in"}
Failed login for '' from 127.0.0.1 at 2010-02-25 01:02:54 UTC
Rendering template within layouts/application
Rendering sessions/new
Rendered users/_user_bar (0.3ms)
Completed in 17ms (View: 11, DB: 0) | 200 OK [http://localhost/session]
  [4;35;1mSQL (0.1ms)[0m   [0mSET NAMES 'utf8'[0m
  [4;36;1mSQL (0.1ms)[0m   [0;1mSET SQL_AUTO_IS_NULL=0[0m


Processing SessionsController#new (for 127.0.0.1 at 2010-02-24 17:18:34) [GET]
Rendering template within layouts/application
Rendering sessions/new
Rendered users/_user_bar (0.4ms)
Completed in 45ms (View: 44, DB: 0) | 200 OK [http://localhost/login]
  [4;35;1mSQL (0.1ms)[0m   [0mSET NAMES 'utf8'[0m
  [4;36;1mSQL (0.1ms)[0m   [0;1mSET SQL_AUTO_IS_NULL=0[0m


Processing SessionsController#new (for 127.0.0.1 at 2010-02-24 17:21:03) [GET]
Rendering template within layouts/application
Rendering sessions/new
Rendered users/_user_bar (0.3ms)
Completed in 11ms (View: 9, DB: 0) | 200 OK [http://localhost/login]
  [4;35;1mSQL (0.1ms)[0m   [0mSET NAMES 'utf8'[0m
  [4;36;1mSQL (0.1ms)[0m   [0;1mSET SQL_AUTO_IS_NULL=0[0m


Processing SessionsController#new (for 127.0.0.1 at 2010-02-24 17:21:26) [GET]
Rendering template within layouts/application
Rendering sessions/new
Rendered users/_user_bar (0.3ms)
Completed in 10ms (View: 9, DB: 0) | 200 OK [http://localhost/login]
  [4;35;1mSQL (0.1ms)[0m   [0mSET NAMES 'utf8'[0m
  [4;36;1mSQL (0.1ms)[0m   [0;1mSET SQL_AUTO_IS_NULL=0[0m


Processing SessionsController#new (for 127.0.0.1 at 2010-02-24 17:22:11) [GET]
Rendering template within layouts/application
Rendering sessions/new
Rendered users/_user_bar (0.3ms)
Completed in 10ms (View: 9, DB: 0) | 200 OK [http://localhost/login]
  [4;35;1mSQL (0.1ms)[0m   [0mSET NAMES 'utf8'[0m
  [4;36;1mSQL (0.1ms)[0m   [0;1mSET SQL_AUTO_IS_NULL=0[0m


Processing SessionsController#new (for 127.0.0.1 at 2010-02-24 17:23:23) [GET]
Rendering template within layouts/application
Rendering sessions/new
Rendered users/_user_bar (0.9ms)
Completed in 42ms (View: 41, DB: 0) | 200 OK [http://localhost/login]
  [4;35;1mSQL (0.1ms)[0m   [0mSET NAMES 'utf8'[0m
  [4;36;1mSQL (0.1ms)[0m   [0;1mSET SQL_AUTO_IS_NULL=0[0m


Processing SessionsController#new (for 127.0.0.1 at 2010-02-24 17:23:56) [GET]
Rendering template within layouts/application
Rendering sessions/new
Rendered users/_user_bar (0.4ms)
Completed in 4ms (View: 3, DB: 0) | 200 OK [http://localhost/login]
  [4;35;1mSQL (0.1ms)[0m   [0mSET NAMES 'utf8'[0m
  [4;36;1mSQL (0.1ms)[0m   [0;1mSET SQL_AUTO_IS_NULL=0[0m


Processing SessionsController#new (for 127.0.0.1 at 2010-02-24 17:24:53) [GET]
Rendering template within layouts/application
Rendering sessions/new
Rendered users/_user_bar (0.3ms)
Completed in 10ms (View: 9, DB: 0) | 200 OK [http://localhost/login]
  [4;35;1mSQL (0.1ms)[0m   [0mSET NAMES 'utf8'[0m
  [4;36;1mSQL (0.1ms)[0m   [0;1mSET SQL_AUTO_IS_NULL=0[0m


Processing SessionsController#new (for 127.0.0.1 at 2010-02-24 17:25:32) [GET]
Rendering template within layouts/application
Rendering sessions/new
Rendered users/_user_bar (0.3ms)
Completed in 6ms (View: 5, DB: 0) | 200 OK [http://localhost/login]
  [4;35;1mSQL (0.1ms)[0m   [0mSET NAMES 'utf8'[0m
  [4;36;1mSQL (0.1ms)[0m   [0;1mSET SQL_AUTO_IS_NULL=0[0m


Processing SessionsController#new (for 127.0.0.1 at 2010-02-24 17:26:15) [GET]
Rendering template within layouts/application
Rendering sessions/new
Rendered users/_user_bar (0.3ms)
Completed in 10ms (View: 9, DB: 0) | 200 OK [http://localhost/login]
  [4;35;1mSQL (0.1ms)[0m   [0mSET NAMES 'utf8'[0m
  [4;36;1mSQL (0.1ms)[0m   [0;1mSET SQL_AUTO_IS_NULL=0[0m


Processing SessionsController#new (for 127.0.0.1 at 2010-02-24 17:26:26) [GET]
Rendering template within layouts/application
Rendering sessions/new
Rendered users/_user_bar (0.3ms)
Completed in 9ms (View: 8, DB: 0) | 200 OK [http://localhost/login]
  [4;35;1mSQL (0.1ms)[0m   [0mSET NAMES 'utf8'[0m
  [4;36;1mSQL (0.1ms)[0m   [0;1mSET SQL_AUTO_IS_NULL=0[0m


Processing SessionsController#new (for 127.0.0.1 at 2010-02-24 17:27:24) [GET]
Rendering template within layouts/application
Rendering sessions/new
Rendered users/_user_bar (0.3ms)
Completed in 10ms (View: 8, DB: 0) | 200 OK [http://localhost/login]
  [4;35;1mSQL (0.1ms)[0m   [0mSET NAMES 'utf8'[0m
  [4;36;1mSQL (0.1ms)[0m   [0;1mSET SQL_AUTO_IS_NULL=0[0m


Processing SessionsController#new (for 127.0.0.1 at 2010-02-24 17:27:47) [GET]
Rendering template within layouts/application
Rendering sessions/new
Rendered users/_user_bar (0.3ms)
Completed in 4ms (View: 3, DB: 0) | 200 OK [http://localhost/login]
  [4;35;1mSQL (0.1ms)[0m   [0mSET NAMES 'utf8'[0m
  [4;36;1mSQL (0.1ms)[0m   [0;1mSET SQL_AUTO_IS_NULL=0[0m


Processing SessionsController#new (for 127.0.0.1 at 2010-02-24 17:27:54) [GET]
Rendering template within layouts/application
Rendering sessions/new
Rendered users/_user_bar (0.5ms)
Completed in 4ms (View: 3, DB: 0) | 200 OK [http://localhost/login]
  [4;35;1mSQL (0.1ms)[0m   [0mSET NAMES 'utf8'[0m
  [4;36;1mSQL (0.1ms)[0m   [0;1mSET SQL_AUTO_IS_NULL=0[0m


Processing SessionsController#new (for 127.0.0.1 at 2010-02-24 17:28:21) [GET]
Rendering template within layouts/application
Rendering sessions/new
Rendered users/_user_bar (0.3ms)
Completed in 4ms (View: 3, DB: 0) | 200 OK [http://localhost/login]
  [4;35;1mSQL (0.1ms)[0m   [0mSET NAMES 'utf8'[0m
  [4;36;1mSQL (0.1ms)[0m   [0;1mSET SQL_AUTO_IS_NULL=0[0m


Processing SessionsController#new (for 127.0.0.1 at 2010-02-24 17:28:28) [GET]
Rendering template within layouts/application
Rendering sessions/new
Rendered users/_user_bar (0.3ms)
Completed in 4ms (View: 3, DB: 0) | 200 OK [http://localhost/login]
  [4;35;1mSQL (0.1ms)[0m   [0mSET NAMES 'utf8'[0m
  [4;36;1mSQL (0.1ms)[0m   [0;1mSET SQL_AUTO_IS_NULL=0[0m


Processing SessionsController#new (for 127.0.0.1 at 2010-02-24 17:29:03) [GET]
Rendering template within layouts/application
Rendering sessions/new
Rendered users/_user_bar (0.3ms)
Completed in 10ms (View: 9, DB: 0) | 200 OK [http://localhost/login]
  [4;35;1mSQL (0.1ms)[0m   [0mSET NAMES 'utf8'[0m
  [4;36;1mSQL (0.1ms)[0m   [0;1mSET SQL_AUTO_IS_NULL=0[0m


Processing SessionsController#new (for 127.0.0.1 at 2010-02-24 17:30:13) [GET]
Rendering template within layouts/application
Rendering sessions/new
Rendered users/_user_bar (0.3ms)
Completed in 11ms (View: 9, DB: 0) | 200 OK [http://localhost/login]
  [4;35;1mSQL (0.1ms)[0m   [0mSET NAMES 'utf8'[0m
  [4;36;1mSQL (0.1ms)[0m   [0;1mSET SQL_AUTO_IS_NULL=0[0m


Processing SessionsController#new (for 127.0.0.1 at 2010-02-24 17:30:41) [GET]
Rendering template within layouts/application
Rendering sessions/new
Rendered users/_user_bar (0.3ms)
Completed in 4ms (View: 3, DB: 0) | 200 OK [http://localhost/login]
  [4;35;1mSQL (0.1ms)[0m   [0mSET NAMES 'utf8'[0m
  [4;36;1mSQL (0.1ms)[0m   [0;1mSET SQL_AUTO_IS_NULL=0[0m


Processing SessionsController#new (for 127.0.0.1 at 2010-02-24 17:31:02) [GET]
Rendering template within layouts/application
Rendering sessions/new
Rendered users/_user_bar (0.3ms)
Completed in 4ms (View: 3, DB: 0) | 200 OK [http://localhost/login]
  [4;35;1mSQL (0.1ms)[0m   [0mSET NAMES 'utf8'[0m
  [4;36;1mSQL (0.1ms)[0m   [0;1mSET SQL_AUTO_IS_NULL=0[0m


Processing SessionsController#new (for 127.0.0.1 at 2010-02-24 17:31:22) [GET]
Rendering template within layouts/application
Rendering sessions/new
Rendered users/_user_bar (0.3ms)
Completed in 4ms (View: 3, DB: 0) | 200 OK [http://localhost/login]
  [4;35;1mSQL (0.1ms)[0m   [0mSET NAMES 'utf8'[0m
  [4;36;1mSQL (0.4ms)[0m   [0;1mSET SQL_AUTO_IS_NULL=0[0m


Processing SessionsController#new (for 127.0.0.1 at 2010-02-24 17:31:44) [GET]
Rendering template within layouts/application
Rendering sessions/new
Rendered users/_user_bar (0.3ms)
Completed in 4ms (View: 3, DB: 1) | 200 OK [http://localhost/login]
  [4;35;1mSQL (0.1ms)[0m   [0mSET NAMES 'utf8'[0m
  [4;36;1mSQL (0.1ms)[0m   [0;1mSET SQL_AUTO_IS_NULL=0[0m


Processing SessionsController#new (for 127.0.0.1 at 2010-02-24 17:31:59) [GET]
Rendering template within layouts/application
Rendering sessions/new
Rendered users/_user_bar (0.4ms)
Completed in 4ms (View: 3, DB: 0) | 200 OK [http://localhost/login]
  [4;35;1mSQL (0.1ms)[0m   [0mSET NAMES 'utf8'[0m
  [4;36;1mSQL (0.1ms)[0m   [0;1mSET SQL_AUTO_IS_NULL=0[0m


Processing SessionsController#new (for 127.0.0.1 at 2010-02-24 17:32:27) [GET]
Rendering template within layouts/application
Rendering sessions/new
Rendered users/_user_bar (0.4ms)
Completed in 6ms (View: 3, DB: 0) | 200 OK [http://localhost/login]
  [4;35;1mSQL (0.1ms)[0m   [0mSET NAMES 'utf8'[0m
  [4;36;1mSQL (0.1ms)[0m   [0;1mSET SQL_AUTO_IS_NULL=0[0m


Processing SessionsController#new (for 127.0.0.1 at 2010-02-24 17:32:35) [GET]
Rendering template within layouts/application
Rendering sessions/new
Rendered users/_user_bar (0.6ms)
Completed in 41ms (View: 3, DB: 0) | 200 OK [http://localhost/login]
  [4;35;1mSQL (0.1ms)[0m   [0mSET NAMES 'utf8'[0m
  [4;36;1mSQL (0.1ms)[0m   [0;1mSET SQL_AUTO_IS_NULL=0[0m


Processing SessionsController#new (for 127.0.0.1 at 2010-02-24 17:32:36) [GET]
Rendering template within layouts/application
Rendering sessions/new
Rendered users/_user_bar (0.3ms)
Completed in 4ms (View: 3, DB: 0) | 200 OK [http://localhost/login]
  [4;35;1mSQL (0.1ms)[0m   [0mSET NAMES 'utf8'[0m
  [4;36;1mSQL (0.1ms)[0m   [0;1mSET SQL_AUTO_IS_NULL=0[0m


Processing UsersController#new (for 127.0.0.1 at 2010-02-24 17:32:37) [GET]
  [4;35;1mUser Columns (1.1ms)[0m   [0mSHOW FIELDS FROM `users`[0m
Rendering template within layouts/application
Rendering users/new
Rendered users/_user_bar (0.3ms)
Completed in 13ms (View: 6, DB: 1) | 200 OK [http://localhost/signup]
  [4;36;1mSQL (0.1ms)[0m   [0;1mSET NAMES 'utf8'[0m
  [4;35;1mSQL (0.1ms)[0m   [0mSET SQL_AUTO_IS_NULL=0[0m


Processing HomeController#index (for 127.0.0.1 at 2010-02-24 17:32:40) [GET]
Rendering template within layouts/application
Rendering home/index
Rendered users/_user_bar (0.3ms)
Completed in 3ms (View: 2, DB: 0) | 200 OK [http://localhost/]
  [4;36;1mSQL (0.1ms)[0m   [0;1mSET NAMES 'utf8'[0m
  [4;35;1mSQL (0.1ms)[0m   [0mSET SQL_AUTO_IS_NULL=0[0m


Processing SessionsController#new (for 127.0.0.1 at 2010-02-24 17:34:23) [GET]
Rendering template within layouts/application
Rendering sessions/new
Rendered users/_user_bar (0.4ms)
Completed in 17ms (View: 16, DB: 0) | 200 OK [http://localhost/login]
  [4;36;1mSQL (0.1ms)[0m   [0;1mSET NAMES 'utf8'[0m
  [4;35;1mSQL (0.1ms)[0m   [0mSET SQL_AUTO_IS_NULL=0[0m


Processing SessionsController#create (for 127.0.0.1 at 2010-02-24 17:34:24) [POST]
  Parameters: {"authenticity_token"=>"m4AiunChtFZmrs1XAngda6lkXdmVirbW7AkMI9ALMFY=", "login"=>"textual", "password"=>"g0nightlife", "commit"=>"Log in"}
  [4;36;1mUser Columns (12.2ms)[0m   [0;1mSHOW FIELDS FROM `users`[0m
  [4;35;1mUser Load (0.2ms)[0m   [0mSELECT * FROM `users` WHERE (`users`.`login` = 'textual') LIMIT 1[0m
Failed login for 'textual' from 127.0.0.1 at 2010-02-25 01:34:24 UTC
Rendering template within layouts/application
Rendering sessions/new
Rendered users/_user_bar (0.3ms)
Completed in 76ms (View: 3, DB: 13) | 200 OK [http://localhost/session]
  [4;36;1mSQL (0.1ms)[0m   [0;1mSET NAMES 'utf8'[0m
  [4;35;1mSQL (0.1ms)[0m   [0mSET SQL_AUTO_IS_NULL=0[0m


Processing SessionsController#new (for 127.0.0.1 at 2010-02-24 17:34:33) [GET]
Rendering template within layouts/application
Rendering sessions/new
Rendered users/_user_bar (0.3ms)
Completed in 4ms (View: 3, DB: 0) | 200 OK [http://localhost/login]
  [4;36;1mSQL (0.1ms)[0m   [0;1mSET NAMES 'utf8'[0m
  [4;35;1mSQL (0.1ms)[0m   [0mSET SQL_AUTO_IS_NULL=0[0m


Processing SessionsController#new (for 127.0.0.1 at 2010-02-24 17:34:34) [GET]
Rendering template within layouts/application
Rendering sessions/new
Rendered users/_user_bar (0.3ms)
Completed in 4ms (View: 3, DB: 0) | 200 OK [http://localhost/login]
  [4;36;1mSQL (0.1ms)[0m   [0;1mSET NAMES 'utf8'[0m
  [4;35;1mSQL (0.1ms)[0m   [0mSET SQL_AUTO_IS_NULL=0[0m


Processing SessionsController#new (for 127.0.0.1 at 2010-02-24 17:34:57) [GET]
Rendering template within layouts/application
Rendering sessions/new
Rendered users/_user_bar (0.3ms)
Completed in 10ms (View: 9, DB: 0) | 200 OK [http://localhost/login]
  [4;36;1mSQL (0.1ms)[0m   [0;1mSET NAMES 'utf8'[0m
  [4;35;1mSQL (0.1ms)[0m   [0mSET SQL_AUTO_IS_NULL=0[0m


Processing UsersController#new (for 127.0.0.1 at 2010-02-24 17:35:09) [GET]
  [4;36;1mUser Columns (1.1ms)[0m   [0;1mSHOW FIELDS FROM `users`[0m
Rendering template within layouts/application
Rendering users/new
Rendered users/_user_bar (0.3ms)
Completed in 13ms (View: 6, DB: 1) | 200 OK [http://localhost/signup]
  [4;35;1mSQL (0.1ms)[0m   [0mSET NAMES 'utf8'[0m
  [4;36;1mSQL (0.1ms)[0m   [0;1mSET SQL_AUTO_IS_NULL=0[0m


Processing UsersController#new (for 127.0.0.1 at 2010-02-24 17:39:08) [GET]
  [4;35;1mUser Columns (31.3ms)[0m   [0mSHOW FIELDS FROM `users`[0m
Rendering template within layouts/application
Rendering users/new
Rendered users/_user_bar (0.3ms)
Completed in 57ms (View: 20, DB: 31) | 200 OK [http://localhost/signup]
  [4;36;1mSQL (0.1ms)[0m   [0;1mSET NAMES 'utf8'[0m
  [4;35;1mSQL (0.1ms)[0m   [0mSET SQL_AUTO_IS_NULL=0[0m


Processing HomeController#index (for 127.0.0.1 at 2010-02-24 17:39:13) [GET]
Rendering template within layouts/application
Rendering home/index
Rendered users/_user_bar (0.3ms)
Completed in 3ms (View: 2, DB: 0) | 200 OK [http://localhost/]
  [4;36;1mSQL (0.1ms)[0m   [0;1mSET NAMES 'utf8'[0m
  [4;35;1mSQL (0.1ms)[0m   [0mSET SQL_AUTO_IS_NULL=0[0m


Processing HomeController#index (for 127.0.0.1 at 2010-02-24 17:39:59) [GET]
Rendering template within layouts/application
Rendering home/index
Rendered users/_user_bar (0.8ms)
Completed in 23ms (View: 22, DB: 0) | 200 OK [http://localhost/]
  [4;36;1mSQL (0.1ms)[0m   [0;1mSET NAMES 'utf8'[0m
  [4;35;1mSQL (0.1ms)[0m   [0mSET SQL_AUTO_IS_NULL=0[0m


Processing HomeController#index (for 127.0.0.1 at 2010-02-24 17:40:17) [GET]
Rendering template within layouts/application
Rendering home/index
Rendered users/_user_bar (0.2ms)
Completed in 3ms (View: 2, DB: 0) | 200 OK [http://localhost/]
  [4;36;1mSQL (0.1ms)[0m   [0;1mSET NAMES 'utf8'[0m
  [4;35;1mSQL (0.1ms)[0m   [0mSET SQL_AUTO_IS_NULL=0[0m


Processing SessionsController#new (for 127.0.0.1 at 2010-02-24 17:40:18) [GET]
Rendering template within layouts/application
Rendering sessions/new
Rendered users/_user_bar (0.2ms)
Completed in 4ms (View: 3, DB: 0) | 200 OK [http://localhost/login]
  [4;36;1mSQL (0.1ms)[0m   [0;1mSET NAMES 'utf8'[0m
  [4;35;1mSQL (0.1ms)[0m   [0mSET SQL_AUTO_IS_NULL=0[0m


Processing HomeController#index (for 127.0.0.1 at 2010-02-24 17:40:20) [GET]
Rendering template within layouts/application
Rendering home/index
Rendered users/_user_bar (0.2ms)
Completed in 3ms (View: 2, DB: 0) | 200 OK [http://localhost/]
  [4;36;1mSQL (0.1ms)[0m   [0;1mSET NAMES 'utf8'[0m
  [4;35;1mSQL (0.1ms)[0m   [0mSET SQL_AUTO_IS_NULL=0[0m


Processing UsersController#new (for 127.0.0.1 at 2010-02-24 17:40:22) [GET]
  [4;36;1mUser Columns (23.1ms)[0m   [0;1mSHOW FIELDS FROM `users`[0m
Rendering template within layouts/application
Rendering users/new
Rendered users/_user_bar (0.2ms)
Completed in 34ms (View: 5, DB: 23) | 200 OK [http://localhost/signup]
  [4;35;1mSQL (0.3ms)[0m   [0mSET NAMES 'utf8'[0m
  [4;36;1mSQL (0.1ms)[0m   [0;1mSET SQL_AUTO_IS_NULL=0[0m


Processing HomeController#index (for 127.0.0.1 at 2010-02-24 17:40:24) [GET]
Rendering template within layouts/application
Rendering home/index
Rendered users/_user_bar (0.2ms)
Completed in 3ms (View: 2, DB: 0) | 200 OK [http://localhost/]
  [4;35;1mSQL (0.1ms)[0m   [0mSET NAMES 'utf8'[0m
  [4;36;1mSQL (0.1ms)[0m   [0;1mSET SQL_AUTO_IS_NULL=0[0m


Processing HomeController#index (for 127.0.0.1 at 2010-02-24 17:40:35) [GET]
Rendering template within layouts/application
Rendering home/index
Rendered users/_user_bar (0.2ms)
Completed in 3ms (View: 2, DB: 0) | 200 OK [http://localhost/]
  [4;35;1mSQL (0.1ms)[0m   [0mSET NAMES 'utf8'[0m
  [4;36;1mSQL (0.1ms)[0m   [0;1mSET SQL_AUTO_IS_NULL=0[0m


Processing HomeController#index (for 127.0.0.1 at 2010-02-24 17:45:41) [GET]
Rendering template within layouts/application
Rendering home/index
Rendered users/_user_bar (0.3ms)
Completed in 23ms (View: 22, DB: 0) | 200 OK [http://localhost/]
  [4;35;1mSQL (0.1ms)[0m   [0mSET NAMES 'utf8'[0m
  [4;36;1mSQL (0.1ms)[0m   [0;1mSET SQL_AUTO_IS_NULL=0[0m


Processing HomeController#index (for 127.0.0.1 at 2010-02-24 17:46:07) [GET]
Rendering template within layouts/application
Rendering home/index
Rendered users/_user_bar (0.2ms)
Completed in 10ms (View: 8, DB: 0) | 200 OK [http://localhost/]
  [4;35;1mSQL (0.1ms)[0m   [0mSET NAMES 'utf8'[0m
  [4;36;1mSQL (0.1ms)[0m   [0;1mSET SQL_AUTO_IS_NULL=0[0m


Processing HomeController#index (for 127.0.0.1 at 2010-02-24 17:46:27) [GET]
Rendering template within layouts/application
Rendering home/index
Rendered users/_user_bar (0.2ms)
Completed in 10ms (View: 9, DB: 0) | 200 OK [http://localhost/]
  [4;35;1mSQL (0.1ms)[0m   [0mSET NAMES 'utf8'[0m
  [4;36;1mSQL (0.1ms)[0m   [0;1mSET SQL_AUTO_IS_NULL=0[0m


Processing SessionsController#new (for 127.0.0.1 at 2010-02-24 17:47:38) [GET]
Rendering template within layouts/application
Rendering sessions/new
Rendered users/_user_bar (0.2ms)
Completed in 3ms (View: 2, DB: 0) | 200 OK [http://localhost/login]
  [4;35;1mSQL (0.1ms)[0m   [0mSET NAMES 'utf8'[0m
  [4;36;1mSQL (0.1ms)[0m   [0;1mSET SQL_AUTO_IS_NULL=0[0m


Processing UsersController#new (for 127.0.0.1 at 2010-02-24 17:47:48) [GET]
  [4;35;1mUser Columns (28.9ms)[0m   [0mSHOW FIELDS FROM `users`[0m
Rendering template within layouts/application
Rendering users/new
Rendered users/_user_bar (0.2ms)
Completed in 40ms (View: 5, DB: 29) | 200 OK [http://localhost/signup]
